<?xml version="1.0" encoding="UTF-8"?>
<!-- Generated by org.testng.reporters.JUnitXMLReporter -->
<testsuite ignored="0" hostname="Ekta-L" failures="4" tests="4" name="PHPTravel test" time="15.313" errors="0" timestamp="20 Aug 2018 14:24:17 GMT">
  <testcase classname="automationFramework_TC.HomePage_TC" name="signupFail1" time="0.008">
    <failure type="java.lang.NullPointerException">
      <![CDATA[java.lang.NullPointerException
at org.openqa.selenium.support.pagefactory.DefaultElementLocator.findElement(DefaultElementLocator.java:69)
at org.openqa.selenium.support.pagefactory.internal.LocatingElementHandler.invoke(LocatingElementHandler.java:38)
at com.sun.proxy.$Proxy11.click(Unknown Source)
at automationFramework_TC.HomePage_TC.signupFail1(HomePage_TC.java:70)
... Removed 25 stack frames]]>
    </failure>
  </testcase> <!-- signupFail1 -->
  <testcase classname="automationFramework_TC.HomePage_TC" name="signupFail2" time="0.011">
    <failure type="java.lang.NullPointerException">
      <![CDATA[java.lang.NullPointerException
at org.openqa.selenium.support.pagefactory.DefaultElementLocator.findElement(DefaultElementLocator.java:69)
at org.openqa.selenium.support.pagefactory.internal.LocatingElementHandler.invoke(LocatingElementHandler.java:38)
at com.sun.proxy.$Proxy11.click(Unknown Source)
at automationFramework_TC.HomePage_TC.signupFail2(HomePage_TC.java:92)
... Removed 25 stack frames]]>
    </failure>
  </testcase> <!-- signupFail2 -->
  <testcase classname="automationFramework_TC.HomePage_TC" name="signupSuccess" time="0.015">
    <failure type="java.lang.NullPointerException">
      <![CDATA[java.lang.NullPointerException
at org.openqa.selenium.support.pagefactory.DefaultElementLocator.findElement(DefaultElementLocator.java:69)
at org.openqa.selenium.support.pagefactory.internal.LocatingElementHandler.invoke(LocatingElementHandler.java:38)
at com.sun.proxy.$Proxy11.click(Unknown Source)
at automationFramework_TC.HomePage_TC.signupSuccess(HomePage_TC.java:120)
... Removed 25 stack frames]]>
    </failure>
  </testcase> <!-- signupSuccess -->
  <testcase classname="automationFramework_TC.HomePage_TC" name="login" time="0.013">
    <failure type="java.lang.NullPointerException">
      <![CDATA[java.lang.NullPointerException
at org.openqa.selenium.support.pagefactory.DefaultElementLocator.findElement(DefaultElementLocator.java:69)
at org.openqa.selenium.support.pagefactory.internal.LocatingElementHandler.invoke(LocatingElementHandler.java:38)
at com.sun.proxy.$Proxy11.click(Unknown Source)
at automationFramework_TC.HomePage_TC.login(HomePage_TC.java:39)
... Removed 25 stack frames]]>
    </failure>
  </testcase> <!-- login -->
</testsuite> <!-- PHPTravel test -->
